Arguments: 
  C:\Program Files\nodejs\node.exe C:\Program Files (x86)\Yarn\bin\yarn.js start

PATH: 
  C:\Program Files\Docker\Docker\Resources\bin;C:\Program Files (x86)\Intel\iCLS Client\;C:\Program Files\Intel\iCLS Client\;C:\Program Files (x86)\Common Files\Intel\Shared Libraries\redist\intel64\compiler;C:\Program Files\Haskell\bin;C:\Program Files\Haskell Platform\8.2.1\lib\extralibs\bin;C:\Program Files\Haskell Platform\8.2.1\bin;C:\Python27\;C:\Python27\Scripts;C:\tools\ruby23\bin;C:\WINDOWS\system32;C:\WINDOWS;C:\WINDOWS\System32\Wbem;C:\WINDOWS\System32\WindowsPowerShell\v1.0\;C:\Program Files (x86)\Windows Kits\8.1\Windows Performance Toolkit\;C:\HashiCorp\Vagrant\bin;C:\ProgramData\chocolatey\bin;C:\Program Files (x86)\Microsoft SQL Server\Client SDK\ODBC\110\Tools\Binn\;C:\ProgramData\ComposerSetup\bin;C:\Program Files\Haskell Platform\8.2.1\mingw\bin;C:\Program Files (x86)\Intel\Intel(R) Management Engine Components\DAL;C:\Program Files\Intel\Intel(R) Management Engine Components\DAL;C:\Program Files (x86)\Intel\Intel(R) Management Engine Components\IPT;C:\Program Files\Intel\Intel(R) Management Engine Components\IPT;C:\Program Files\Git\cmd;C:\Program Files\nodejs\;C:\Program Files (x86)\Yarn\bin\;C:\WINDOWS\System32\OpenSSH\;C:\Program Files\Intel\WiFi\bin\;C:\Program Files\Common Files\Intel\WirelessCommon\;C:\Program Files\Microsoft VS Code\bin;C:\Users\Mike\AppData\Roaming\cabal\bin;C:\Users\Mike\AppData\Roaming\local\bin;C:\Users\Mike\AppData\Local\Microsoft\WindowsApps;c:\Users\Mike\Tools\flow;C:\Users\Mike\AppData\Local\Yarn;C:\tools\php;C:\Users\Mike\AppData\Roaming\Composer\vendor\bin;C:\Users\Mike\AppData\Local\now-cli;C:\tools\Neovim\bin;C:\Users\Mike\AppData\Roaming\npm;C:\Users\Mike\AppData\Local\Yarn\bin;C:\Users\Mike\Tools\psc-package;C:\Users\Mike\AppData\Local\hyper\app-2.0.0\resources\bin;C:\Program Files (x86)\Vim\vim81;C:\Program Files (x86)\Oni;C:\Users\Mike\AppData\Local\Microsoft\WindowsApps;C:\Program Files (x86)\Nmap

Yarn version: 
  1.5.1

Node version: 
  8.10.0

Platform: 
  win32 x64

npm manifest: 
  {
    "name": "some-ps-thing",
    "version": "1.0.0",
    "description": "",
    "main": "index.js",
    "directories": {
      "test": "test"
    },
    "scripts": {
      "dev": "parcel index.html",
      "build": "pulp build && parcel build index.html",
      "build:optimise-todo": "pulp build --skip-entry-point --to ./output/Main/index.js && parcel build index.html",
      "postinstall": "psc-package install"
    },
    "author": "",
    "license": "MIT",
    "devDependencies": {
      "bower": "^1.8.4",
      "parcel-bundler": "^1.9.2",
      "psc-package": "^0.3.2",
      "pulp": "^12.3.0",
      "purescript": "^0.12.0",
      "react": "^16.3.1",
      "react-dom": "^16.3.1",
      "react-hot-loader": "^4.0.1"
    },
    "dependencies": {
      "react-loadable": "^5.4.0"
    }
  }

yarn manifest: 
  No manifest

Lockfile: 
  No lockfile

Trace: 
  Error: Command "start" not found.
      at new MessageError (C:\Program Files (x86)\Yarn\lib\cli.js:186:110)
      at C:\Program Files (x86)\Yarn\lib\cli.js:87307:17
      at Generator.next (<anonymous>)
      at step (C:\Program Files (x86)\Yarn\lib\cli.js:98:30)
      at C:\Program Files (x86)\Yarn\lib\cli.js:116:14
      at new Promise (<anonymous>)
      at new F (C:\Program Files (x86)\Yarn\lib\cli.js:23451:28)
      at C:\Program Files (x86)\Yarn\lib\cli.js:95:12
      at runCommand (C:\Program Files (x86)\Yarn\lib\cli.js:87312:22)
      at Object.<anonymous> (C:\Program Files (x86)\Yarn\lib\cli.js:87412:14)
